<?xml version="1.0" encoding="UTF-8"?>
<testng-results skipped="0" failed="0" ignored="0" total="1" passed="1">
  <reporter-output>
  </reporter-output>
  <suite name="Default suite" duration-ms="3443" started-at="2018-12-12T11:12:35Z" finished-at="2018-12-12T11:12:38Z">
    <groups>
    </groups>
    <test name="Default test" duration-ms="3443" started-at="2018-12-12T11:12:35Z" finished-at="2018-12-12T11:12:38Z">
      <class name="Main.TcExecute">
        <test-method status="PASS" signature="beforeMethod()[pri:0, instance:Main.TcExecute@28feb3fa]" name="beforeMethod" is-config="true" duration-ms="5" started-at="2018-12-12T16:42:35Z" finished-at="2018-12-12T16:42:35Z">
          <reporter-output>
          </reporter-output>
        </test-method> <!-- beforeMethod -->
        <test-method status="PASS" signature="test()[pri:0, instance:Main.TcExecute@28feb3fa]" name="test" duration-ms="3411" started-at="2018-12-12T16:42:35Z" finished-at="2018-12-12T16:42:38Z">
          <reporter-output>
          </reporter-output>
        </test-method> <!-- test -->
        <test-method status="PASS" signature="afterMethod()[pri:0, instance:Main.TcExecute@28feb3fa]" name="afterMethod" is-config="true" duration-ms="0" started-at="2018-12-12T16:42:38Z" finished-at="2018-12-12T16:42:38Z">
          <reporter-output>
          </reporter-output>
        </test-method> <!-- afterMethod -->
      </class> <!-- Main.TcExecute -->
    </test> <!-- Default test -->
  </suite> <!-- Default suite -->
</testng-results>
